0 info it worked if it ends with ok
1 verbose cli [ 'C:\\Program Files\\nodejs\\node.exe',
1 verbose cli   'C:\\Users\\mmanalo\\AppData\\Roaming\\npm\\node_modules\\npm\\bin\\npm-cli.js',
1 verbose cli   'run',
1 verbose cli   'test' ]
2 info using npm@4.0.5
3 info using node@v8.11.1
4 verbose run-script [ 'pretest', 'test', 'posttest' ]
5 info lifecycle pluralsight-redux-starter@1.0.0~pretest: pluralsight-redux-starter@1.0.0
6 silly lifecycle pluralsight-redux-starter@1.0.0~pretest: no script for pretest, continuing
7 info lifecycle pluralsight-redux-starter@1.0.0~test: pluralsight-redux-starter@1.0.0
8 verbose lifecycle pluralsight-redux-starter@1.0.0~test: unsafe-perm in lifecycle true
9 verbose lifecycle pluralsight-redux-starter@1.0.0~test: PATH: C:\Users\mmanalo\AppData\Roaming\npm\node_modules\npm\bin\node-gyp-bin;C:\git\react-redux-demo\node_modules\.bin;C:\Program Files\Git\mingw64\bin;C:\Program Files\Git\usr\bin;C:\git\bin;C:\git\bin;C:\Program Files\Git\mingw64\bin;C:\Program Files\Git\usr\local\bin;C:\Program Files\Git\usr\bin;C:\Program Files\Git\usr\bin;C:\Program Files\Git\mingw64\bin;C:\Program Files\Git\usr\bin;C:\git\bin;C:\ProgramData\Oracle\Java\javapath;C:\Program Files\nodejs;C:\Windows\System32;C:\Windows\SysWOW64;C:\Program Files\Microsoft SQL Server\110\Tools\Binn;C:\Program Files\Sublime Text 3;C:\Program Files\Microsoft SQL Server\130\Tools\Binn;C:\Program Files\Microsoft SQL Server\110\Tools\Binn;C:\ProgramData\chocolatey\bin;C:\Program Files (x86)\GitExtensions;C:\Program Files\dotnet;C:\Program Files\Git\cmd;C:\Program Files\nodejs;C:\Program Files (x86)\Yarn\bin;C:\Program Files\Microsoft VS Code\bin;C:\Users\mmanalo\AppData\Local\Programs\Python\Python36\Scripts;C:\Users\mmanalo\AppData\Local\Programs\Python\Python36;C:\Users\mmanalo\AppData\Local\atom\bin;C:\Windows\System32\WindowsPowerShell\v1.0;C:\Program Files\Microsoft VS Code\bin;C:\Users\mmanalo\AppData\Local\Programs\MiKTeX 2.9\miktex\bin\x64;C:\Users\mmanalo\AppData\Roaming\npm;C:\Users\mmanalo\AppData\Local\Yarn\bin;C:\Program Files\Git\usr\bin\vendor_perl;C:\Program Files\Git\usr\bin\core_perl
10 verbose lifecycle pluralsight-redux-starter@1.0.0~test: CWD: C:\git\react-redux-demo
11 silly lifecycle pluralsight-redux-starter@1.0.0~test: Args: [ '/d /s /c',
11 silly lifecycle   'mocha --reporter progress tools/testSetup.js "src/**/*.test.js"' ]
12 silly lifecycle pluralsight-redux-starter@1.0.0~test: Returned: code: 1  signal: null
13 info lifecycle pluralsight-redux-starter@1.0.0~test: Failed to exec test script
14 verbose stack Error: pluralsight-redux-starter@1.0.0 test: `mocha --reporter progress tools/testSetup.js "src/**/*.test.js"`
14 verbose stack Exit status 1
14 verbose stack     at EventEmitter.<anonymous> (C:\Users\mmanalo\AppData\Roaming\npm\node_modules\npm\lib\utils\lifecycle.js:279:16)
14 verbose stack     at emitTwo (events.js:126:13)
14 verbose stack     at EventEmitter.emit (events.js:214:7)
14 verbose stack     at ChildProcess.<anonymous> (C:\Users\mmanalo\AppData\Roaming\npm\node_modules\npm\lib\utils\spawn.js:40:14)
14 verbose stack     at emitTwo (events.js:126:13)
14 verbose stack     at ChildProcess.emit (events.js:214:7)
14 verbose stack     at maybeClose (internal/child_process.js:925:16)
14 verbose stack     at Process.ChildProcess._handle.onexit (internal/child_process.js:209:5)
15 verbose pkgid pluralsight-redux-starter@1.0.0
16 verbose cwd C:\git\react-redux-demo
17 error Windows_NT 6.3.9600
18 error argv "C:\\Program Files\\nodejs\\node.exe" "C:\\Users\\mmanalo\\AppData\\Roaming\\npm\\node_modules\\npm\\bin\\npm-cli.js" "run" "test"
19 error node v8.11.1
20 error npm  v4.0.5
21 error code ELIFECYCLE
22 error pluralsight-redux-starter@1.0.0 test: `mocha --reporter progress tools/testSetup.js "src/**/*.test.js"`
22 error Exit status 1
23 error Failed at the pluralsight-redux-starter@1.0.0 test script 'mocha --reporter progress tools/testSetup.js "src/**/*.test.js"'.
23 error Make sure you have the latest version of node.js and npm installed.
23 error If you do, this is most likely a problem with the pluralsight-redux-starter package,
23 error not with npm itself.
23 error Tell the author that this fails on your system:
23 error     mocha --reporter progress tools/testSetup.js "src/**/*.test.js"
23 error You can get information on how to open an issue for this project with:
23 error     npm bugs pluralsight-redux-starter
23 error Or if that isn't available, you can get their info via:
23 error     npm owner ls pluralsight-redux-starter
23 error There is likely additional logging output above.
24 verbose exit [ 1, true ]
